[2024-11-25 11:52:23][Command][haddock_push] Starting...
[2024-11-25 11:52:23][Command][haddock_push] Your branch is up to date with 'origin/main'.
[2024-11-25 11:52:23][Command][haddock_push] Already on 'main'
[2024-11-25 11:52:23][Command][haddock_push] Deleted branch gh-pages (was aa22b44).
[2024-11-25 11:52:23][Command][haddock_push] Switched to a new branch 'gh-pages'
[2024-11-25 11:52:24][Command][haddock_push] Build profile: -w ghc-9.8.2 -O1
[2024-11-25 11:52:24][Command][haddock_push] In order, the following will be built (use -v for more details):
[2024-11-25 11:52:24][Command][haddock_push]  - effects-env-0.1 (lib) (first run)
[2024-11-25 11:52:24][Command][haddock_push]  - effects-haskeline-0.1 (lib) (first run)
[2024-11-25 11:52:24][Command][haddock_push]  - effects-ioref-0.1 (lib) (ephemeral targets)
[2024-11-25 11:52:24][Command][haddock_push]  - effects-optparse-0.1 (lib) (first run)
[2024-11-25 11:52:24][Command][haddock_push]  - effects-stm-0.1 (lib) (first run)
[2024-11-25 11:52:24][Command][haddock_push]  - effects-terminal-0.1 (lib) (first run)
[2024-11-25 11:52:24][Command][haddock_push]  - effects-thread-0.1 (lib) (ephemeral targets)
[2024-11-25 11:52:24][Command][haddock_push]  - effects-time-0.1 (lib) (ephemeral targets)
[2024-11-25 11:52:24][Command][haddock_push]  - effects-typed-process-0.1 (lib) (first run)
[2024-11-25 11:52:24][Command][haddock_push]  - effects-unix-0.1 (lib) (first run)
[2024-11-25 11:52:24][Command][haddock_push]  - effects-unix-compat-0.1 (lib) (first run)
[2024-11-25 11:52:24][Command][haddock_push]  - effects-fs-0.1 (lib) (dependency rebuilt)
[2024-11-25 11:52:24][Command][haddock_push]  - effects-async-0.1 (lib) (dependency rebuilt)
[2024-11-25 11:52:24][Command][haddock_push]  - effects-logger-ns-0.1 (lib) (dependency rebuilt)
[2024-11-25 11:52:24][Command][haddock_push] Preprocessing library for effects-thread-0.1..
[2024-11-25 11:52:24][Command][haddock_push] Building library for effects-thread-0.1..
[2024-11-25 11:52:24][Command][haddock_push] Preprocessing library for effects-ioref-0.1..
[2024-11-25 11:52:24][Command][haddock_push] Building library for effects-ioref-0.1..
[2024-11-25 11:52:24][Command][haddock_push] Preprocessing library for effects-time-0.1..
[2024-11-25 11:52:24][Command][haddock_push] Building library for effects-time-0.1..
[2024-11-25 11:52:24][Command][haddock_push] Preprocessing library for effects-stm-0.1..
[2024-11-25 11:52:24][Command][haddock_push] Running Haddock on library for effects-stm-0.1..
[2024-11-25 11:52:24][Command][haddock_push] Preprocessing library for effects-haskeline-0.1..
[2024-11-25 11:52:24][Command][haddock_push] Running Haddock on library for effects-haskeline-0.1..
[2024-11-25 11:52:24][Command][haddock_push] Preprocessing library for effects-env-0.1..
[2024-11-25 11:52:24][Command][haddock_push] Running Haddock on library for effects-env-0.1..
[2024-11-25 11:52:24][Command][haddock_push] Preprocessing library for effects-terminal-0.1..
[2024-11-25 11:52:24][Command][haddock_push] Preprocessing library for effects-optparse-0.1..
[2024-11-25 11:52:24][Command][haddock_push] Running Haddock on library for effects-terminal-0.1..
[2024-11-25 11:52:24][Command][haddock_push] Running Haddock on library for effects-optparse-0.1..
[2024-11-25 11:52:24][Command][haddock_push] Warning: --source-* options are ignored when --hyperlinked-source is enabled.
[2024-11-25 11:52:24][Command][haddock_push] Warning: --source-* options are ignored when --hyperlinked-source is enabled.
[2024-11-25 11:52:24][Command][haddock_push] Warning: --source-* options are ignored when --hyperlinked-source is enabled.
[2024-11-25 11:52:24][Command][haddock_push] Warning: --source-* options are ignored when --hyperlinked-source is enabled.
[2024-11-25 11:52:24][Command][haddock_push] Warning: --source-* options are ignored when --hyperlinked-source is enabled.
[2024-11-25 11:52:25][Command][haddock_push] [1 of 1] Compiling Effects.Concurrent.STM ( src/Effects/Concurrent/STM.hs, nothing )
[2024-11-25 11:52:25][Command][haddock_push] [1 of 1] Compiling Effects.System.Environment ( src/Effects/System/Environment.hs, nothing )
[2024-11-25 11:52:25][Command][haddock_push] [1 of 1] Compiling Effects.Optparse ( src/Effects/Optparse.hs, nothing )
[2024-11-25 11:52:25][Command][haddock_push] [1 of 1] Compiling Effects.System.Terminal ( src/Effects/System/Terminal.hs, nothing )
[2024-11-25 11:52:25][Command][haddock_push] [1 of 1] Compiling Effects.Haskeline ( src/Effects/Haskeline.hs, nothing )
[2024-11-25 11:52:26][Command][haddock_push] Preprocessing library for effects-ioref-0.1..
[2024-11-25 11:52:26][Command][haddock_push] Running Haddock on library for effects-ioref-0.1..
[2024-11-25 11:52:26][Command][haddock_push] Preprocessing library for effects-thread-0.1..
[2024-11-25 11:52:26][Command][haddock_push] Running Haddock on library for effects-thread-0.1..
[2024-11-25 11:52:26][Command][haddock_push] Warning: --source-* options are ignored when --hyperlinked-source is enabled.
[2024-11-25 11:52:26][Command][haddock_push] Warning: --source-* options are ignored when --hyperlinked-source is enabled.
[2024-11-25 11:52:26][Command][haddock_push] Preprocessing library for effects-time-0.1..
[2024-11-25 11:52:26][Command][haddock_push] Running Haddock on library for effects-time-0.1..
[2024-11-25 11:52:26][Command][haddock_push] [1 of 1] Compiling Effects.IORef    ( src/Effects/IORef.hs, nothing )
[2024-11-25 11:52:26][Command][haddock_push] [1 of 1] Compiling Effects.Concurrent.Thread ( src/Effects/Concurrent/Thread.hs, nothing )
[2024-11-25 11:52:26][Command][haddock_push] Warning: --source-* options are ignored when --hyperlinked-source is enabled.
[2024-11-25 11:52:27][Command][haddock_push] [1 of 1] Compiling Effects.Time     ( src/Effects/Time.hs, nothing )
[2024-11-25 11:52:33][Command][haddock_push] Haddock coverage:
[2024-11-25 11:52:33][Command][haddock_push]  100% (  3 /  3) in 'Effects.System.Environment'
[2024-11-25 11:52:33][Command][haddock_push] Documentation created:
[2024-11-25 11:52:33][Command][haddock_push] /home/tommy/Dev/tommy/github/monad-effects/dist-newstyle/build/x86_64-linux/ghc-9.8.2/effects-env-0.1/doc/html/effects-env/
[2024-11-25 11:52:34][Command][haddock_push] Haddock coverage:
[2024-11-25 11:52:34][Command][haddock_push]  100% ( 19 / 19) in 'Effects.Concurrent.STM'
[2024-11-25 11:52:34][Command][haddock_push] Documentation created:
[2024-11-25 11:52:34][Command][haddock_push] /home/tommy/Dev/tommy/github/monad-effects/dist-newstyle/build/x86_64-linux/ghc-9.8.2/effects-stm-0.1/doc/html/effects-stm/
[2024-11-25 11:52:34][Command][haddock_push] Haddock coverage:
[2024-11-25 11:52:34][Command][haddock_push]  100% (  7 /  7) in 'Effects.IORef'
[2024-11-25 11:52:34][Command][haddock_push] Haddock coverage:
[2024-11-25 11:52:34][Command][haddock_push]  100% ( 14 / 14) in 'Effects.Concurrent.Thread'
[2024-11-25 11:52:35][Command][haddock_push] Documentation created:
[2024-11-25 11:52:35][Command][haddock_push] /home/tommy/Dev/tommy/github/monad-effects/dist-newstyle/build/x86_64-linux/ghc-9.8.2/effects-ioref-0.1/doc/html/effects-ioref/
[2024-11-25 11:52:35][Command][haddock_push] Documentation created:
[2024-11-25 11:52:35][Command][haddock_push] /home/tommy/Dev/tommy/github/monad-effects/dist-newstyle/build/x86_64-linux/ghc-9.8.2/effects-thread-0.1/doc/html/effects-thread/
[2024-11-25 11:52:35][Command][haddock_push] Preprocessing library for effects-typed-process-0.1..
[2024-11-25 11:52:35][Command][haddock_push] Running Haddock on library for effects-typed-process-0.1..
[2024-11-25 11:52:35][Command][haddock_push] Preprocessing library for effects-unix-0.1..
[2024-11-25 11:52:35][Command][haddock_push] Running Haddock on library for effects-unix-0.1..
[2024-11-25 11:52:35][Command][haddock_push] Warning: --source-* options are ignored when --hyperlinked-source is enabled.
[2024-11-25 11:52:36][Command][haddock_push] Warning: --source-* options are ignored when --hyperlinked-source is enabled.
[2024-11-25 11:52:36][Command][haddock_push] Preprocessing library for effects-unix-compat-0.1..
[2024-11-25 11:52:36][Command][haddock_push] Running Haddock on library for effects-unix-compat-0.1..
[2024-11-25 11:52:36][Command][haddock_push] Preprocessing library for effects-fs-0.1..
[2024-11-25 11:52:36][Command][haddock_push] Running Haddock on library for effects-fs-0.1..
[2024-11-25 11:52:36][Command][haddock_push] [1 of 1] Compiling Effects.System.Posix ( src/Effects/System/Posix.hs, nothing )
[2024-11-25 11:52:36][Command][haddock_push] [1 of 1] Compiling Effects.Process.Typed ( src/Effects/Process/Typed.hs, nothing )
[2024-11-25 11:52:36][Command][haddock_push] Warning: --source-* options are ignored when --hyperlinked-source is enabled.
[2024-11-25 11:52:36][Command][haddock_push] Warning: --source-* options are ignored when --hyperlinked-source is enabled.
[2024-11-25 11:52:36][Command][haddock_push] [1 of 1] Compiling Effects.System.PosixCompat ( src/Effects/System/PosixCompat.hs, nothing )
[2024-11-25 11:52:37][Command][haddock_push] 
[2024-11-25 11:52:37][Command][haddock_push] src/Effects/System/Posix.hs:58:1: warning: [GHC-15328] [-Wdeprecations]
[2024-11-25 11:52:37][Command][haddock_push]     Module ‘System.OsString.Internal.Types’ is deprecated:
[2024-11-25 11:52:37][Command][haddock_push]       "Use System.OsString.Internal.Types from os-string >= 2.0.0 package instead. This module will be removed in filepath >= 1.5."
[2024-11-25 11:52:37][Command][haddock_push]    |
[2024-11-25 11:52:37][Command][haddock_push] 58 | import System.OsString.Internal.Types (OsString (OsString))
[2024-11-25 11:52:37][Command][haddock_push]    | ^^^^^^^^^^^^^^^^^^^^^^^^^^^^^^^^^^^^^^^^^^^^^^^^^^^^^^^^^^^
[2024-11-25 11:52:37][Command][haddock_push] [1 of 6] Compiling Effects.FileSystem.FileReader ( src/Effects/FileSystem/FileReader.hs, nothing )
[2024-11-25 11:52:37][Command][haddock_push] [2 of 6] Compiling Effects.FileSystem.FileWriter ( src/Effects/FileSystem/FileWriter.hs, nothing )
[2024-11-25 11:52:37][Command][haddock_push] [3 of 6] Compiling Effects.FileSystem.HandleReader ( src/Effects/FileSystem/HandleReader.hs, nothing )
[2024-11-25 11:52:38][Command][haddock_push] [4 of 6] Compiling Effects.FileSystem.HandleWriter ( src/Effects/FileSystem/HandleWriter.hs, nothing )
[2024-11-25 11:52:38][Command][haddock_push] [5 of 6] Compiling Effects.FileSystem.PathReader ( src/Effects/FileSystem/PathReader.hs, nothing )
[2024-11-25 11:52:38][Command][haddock_push] [6 of 6] Compiling Effects.FileSystem.PathWriter ( src/Effects/FileSystem/PathWriter.hs, nothing )
[2024-11-25 11:52:38][Command][haddock_push] Haddock coverage:
[2024-11-25 11:52:38][Command][haddock_push]  100% ( 17 / 17) in 'Effects.System.Terminal'
[2024-11-25 11:52:38][Command][haddock_push] Warning: Effects.System.Terminal: could not find link destinations for: 
[2024-11-25 11:52:38][Command][haddock_push] - System.Console.Terminal.Common.Rep1_Window
[2024-11-25 11:52:38][Command][haddock_push] - System.Console.Terminal.Common.Rep_Window
[2024-11-25 11:52:38][Command][haddock_push] Haddock coverage:
[2024-11-25 11:52:38][Command][haddock_push]   81% (  9 / 11) in 'Effects.Haskeline'
[2024-11-25 11:52:38][Command][haddock_push]   Missing documentation for:
[2024-11-25 11:52:38][Command][haddock_push]     Module header
[2024-11-25 11:52:38][Command][haddock_push]     MonadHaskeline (src/Effects/Haskeline.hs:56)
[2024-11-25 11:52:39][Command][haddock_push] Documentation created:
[2024-11-25 11:52:39][Command][haddock_push] /home/tommy/Dev/tommy/github/monad-effects/dist-newstyle/build/x86_64-linux/ghc-9.8.2/effects-terminal-0.1/doc/html/effects-terminal/
[2024-11-25 11:52:39][Command][haddock_push] Documentation created:
[2024-11-25 11:52:39][Command][haddock_push] /home/tommy/Dev/tommy/github/monad-effects/dist-newstyle/build/x86_64-linux/ghc-9.8.2/effects-haskeline-0.1/doc/html/effects-haskeline/
[2024-11-25 11:52:40][Command][haddock_push] Preprocessing library for effects-async-0.1..
[2024-11-25 11:52:40][Command][haddock_push] Running Haddock on library for effects-async-0.1..
[2024-11-25 11:52:40][Command][haddock_push] Warning: --source-* options are ignored when --hyperlinked-source is enabled.
[2024-11-25 11:52:40][Command][haddock_push] Haddock coverage:
[2024-11-25 11:52:40][Command][haddock_push] Warning: 'ZonedTime' is ambiguous. It is defined
[2024-11-25 11:52:40][Command][haddock_push]     * in ‘Data.Time.LocalTime.Internal.ZonedTime’
[2024-11-25 11:52:40][Command][haddock_push]     * in ‘Data.Time.LocalTime.Internal.ZonedTime’
[2024-11-25 11:52:40][Command][haddock_push]     You may be able to disambiguate the identifier by qualifying it or
[2024-11-25 11:52:40][Command][haddock_push]     by specifying the type/value namespace explicitly.
[2024-11-25 11:52:40][Command][haddock_push]     Defaulting to the one defined in ‘Data.Time.LocalTime.Internal.ZonedTime’
[2024-11-25 11:52:40][Command][haddock_push] Warning: 'LocalTime' is ambiguous. It is defined
[2024-11-25 11:52:40][Command][haddock_push]     * in ‘Data.Time.LocalTime.Internal.LocalTime’
[2024-11-25 11:52:40][Command][haddock_push]     * in ‘Data.Time.LocalTime.Internal.LocalTime’
[2024-11-25 11:52:40][Command][haddock_push]     You may be able to disambiguate the identifier by qualifying it or
[2024-11-25 11:52:40][Command][haddock_push]     by specifying the type/value namespace explicitly.
[2024-11-25 11:52:40][Command][haddock_push]     Defaulting to the one defined in ‘Data.Time.LocalTime.Internal.LocalTime’
[2024-11-25 11:52:40][Command][haddock_push]  100% ( 41 / 41) in 'Effects.Time'
[2024-11-25 11:52:40][Command][haddock_push] Warning: Effects.Time: could not find link destinations for: 
[2024-11-25 11:52:40][Command][haddock_push] - Effects.Time.Rep_TimeSpec
[2024-11-25 11:52:40][Command][haddock_push] Documentation created:
[2024-11-25 11:52:40][Command][haddock_push] /home/tommy/Dev/tommy/github/monad-effects/dist-newstyle/build/x86_64-linux/ghc-9.8.2/effects-time-0.1/doc/html/effects-time/
[2024-11-25 11:52:40][Command][haddock_push] [1 of 1] Compiling Effects.Concurrent.Async ( src/Effects/Concurrent/Async.hs, nothing )
[2024-11-25 11:52:41][Command][haddock_push] Haddock coverage:
[2024-11-25 11:52:41][Command][haddock_push]  100% (  7 /  7) in 'Effects.Optparse'
[2024-11-25 11:52:41][Command][haddock_push] Preprocessing library for effects-logger-ns-0.1..
[2024-11-25 11:52:41][Command][haddock_push] Running Haddock on library for effects-logger-ns-0.1..
[2024-11-25 11:52:41][Command][haddock_push] Warning: The documentation for the following packages are not installed. No
[2024-11-25 11:52:41][Command][haddock_push] links will be generated to these packages: attoparsec-0.14.4,
[2024-11-25 11:52:41][Command][haddock_push] attoparsec-0.14.4
[2024-11-25 11:52:41][Command][haddock_push] Documentation created:
[2024-11-25 11:52:41][Command][haddock_push] /home/tommy/Dev/tommy/github/monad-effects/dist-newstyle/build/x86_64-linux/ghc-9.8.2/effects-optparse-0.1/doc/html/effects-optparse/
[2024-11-25 11:52:41][Command][haddock_push] Warning: --source-* options are ignored when --hyperlinked-source is enabled.
[2024-11-25 11:52:42][Command][haddock_push] [1 of 1] Compiling Effects.LoggerNS ( src/Effects/LoggerNS.hs, nothing )
[2024-11-25 11:52:49][Command][haddock_push] Haddock coverage:
[2024-11-25 11:52:49][Command][haddock_push] Warning: 'IOException' is out of scope.
[2024-11-25 11:52:49][Command][haddock_push]     If you qualify the identifier, haddock can try to link it anyway.
[2024-11-25 11:52:49][Command][haddock_push]  100% ( 10 / 10) in 'Effects.System.Posix'
[2024-11-25 11:52:49][Command][haddock_push] Warning: Effects.System.Posix: could not find link destinations for: 
[2024-11-25 11:52:49][Command][haddock_push] - FileSystem.PathType.Rep_PathType
[2024-11-25 11:52:49][Command][haddock_push] Documentation created:
[2024-11-25 11:52:49][Command][haddock_push] /home/tommy/Dev/tommy/github/monad-effects/dist-newstyle/build/x86_64-linux/ghc-9.8.2/effects-unix-0.1/doc/html/effects-unix/
[2024-11-25 11:52:50][Command][haddock_push] Haddock coverage:
[2024-11-25 11:52:50][Command][haddock_push] Warning: 'IOException' is out of scope.
[2024-11-25 11:52:50][Command][haddock_push]     If you qualify the identifier, haddock can try to link it anyway.
[2024-11-25 11:52:50][Command][haddock_push]  100% ( 10 / 10) in 'Effects.System.PosixCompat'
[2024-11-25 11:52:50][Command][haddock_push] Warning: Effects.System.PosixCompat: could not find link destinations for: 
[2024-11-25 11:52:50][Command][haddock_push] - FileSystem.PathType.Rep_PathType
[2024-11-25 11:52:50][Command][haddock_push] Documentation created:
[2024-11-25 11:52:50][Command][haddock_push] /home/tommy/Dev/tommy/github/monad-effects/dist-newstyle/build/x86_64-linux/ghc-9.8.2/effects-unix-compat-0.1/doc/html/effects-unix-compat/
[2024-11-25 11:52:50][Command][haddock_push] Haddock coverage:
[2024-11-25 11:52:50][Command][haddock_push]   98% ( 79 / 80) in 'Effects.Process.Typed'
[2024-11-25 11:52:50][Command][haddock_push]   Missing documentation for:
[2024-11-25 11:52:50][Command][haddock_push]     StdStream
[2024-11-25 11:52:50][Command][haddock_push] Warning: Effects.Process.Typed: could not find link destinations for: 
[2024-11-25 11:52:50][Command][haddock_push] - GHC.IO.Exception.Rep_ExitCode
[2024-11-25 11:52:51][Command][haddock_push] Documentation created:
[2024-11-25 11:52:51][Command][haddock_push] /home/tommy/Dev/tommy/github/monad-effects/dist-newstyle/build/x86_64-linux/ghc-9.8.2/effects-typed-process-0.1/doc/html/effects-typed-process/
[2024-11-25 11:52:52][Command][haddock_push] Haddock coverage:
[2024-11-25 11:52:52][Command][haddock_push]  100% ( 15 / 15) in 'Effects.FileSystem.FileReader'
[2024-11-25 11:52:52][Command][haddock_push]  100% ( 11 / 11) in 'Effects.FileSystem.FileWriter'
[2024-11-25 11:52:52][Command][haddock_push]  100% ( 29 / 29) in 'Effects.FileSystem.HandleReader'
[2024-11-25 11:52:52][Command][haddock_push]  100% ( 16 / 16) in 'Effects.FileSystem.HandleWriter'
[2024-11-25 11:52:52][Command][haddock_push] Warning: 'IOException' is out of scope.
[2024-11-25 11:52:52][Command][haddock_push]     If you qualify the identifier, haddock can try to link it anyway.
[2024-11-25 11:52:52][Command][haddock_push]   96% ( 29 / 30) in 'Effects.FileSystem.PathReader'
[2024-11-25 11:52:52][Command][haddock_push]   Missing documentation for:
[2024-11-25 11:52:52][Command][haddock_push]     Permissions
[2024-11-25 11:52:52][Command][haddock_push]   97% ( 38 / 39) in 'Effects.FileSystem.PathWriter'
[2024-11-25 11:52:52][Command][haddock_push]   Missing documentation for:
[2024-11-25 11:52:52][Command][haddock_push]     Permissions
[2024-11-25 11:52:52][Command][haddock_push] Warning: Effects.FileSystem.FileReader: could not find link destinations for: 
[2024-11-25 11:52:52][Command][haddock_push] - Data.ByteString.Internal.Type.D:R:ItemByteString
[2024-11-25 11:52:52][Command][haddock_push] Warning: Effects.FileSystem.FileWriter: could not find link destinations for: 
[2024-11-25 11:52:52][Command][haddock_push] - Data.ByteString.Internal.Type.D:R:ItemByteString
[2024-11-25 11:52:52][Command][haddock_push] Warning: Effects.FileSystem.HandleReader: could not find link destinations for: 
[2024-11-25 11:52:52][Command][haddock_push] - Data.ByteString.Internal.Type.D:R:ItemByteString
[2024-11-25 11:52:52][Command][haddock_push] Warning: Effects.FileSystem.HandleWriter: could not find link destinations for: 
[2024-11-25 11:52:52][Command][haddock_push] - Data.ByteString.Internal.Type.D:R:ItemByteString
[2024-11-25 11:52:52][Command][haddock_push] Warning: Effects.FileSystem.PathReader: could not find link destinations for: 
[2024-11-25 11:52:52][Command][haddock_push] - FileSystem.PathType.Rep_PathType
[2024-11-25 11:52:52][Command][haddock_push] Warning: Effects.FileSystem.PathWriter: could not find link destinations for: 
[2024-11-25 11:52:52][Command][haddock_push] - Effects.FileSystem.PathWriter.Rep_CopyDirConfig
[2024-11-25 11:52:52][Command][haddock_push] - Effects.FileSystem.PathWriter.Rep_TargetName
[2024-11-25 11:52:52][Command][haddock_push] - Effects.FileSystem.PathWriter.Rep_Overwrite
[2024-11-25 11:52:52][Command][haddock_push] Documentation created:
[2024-11-25 11:52:52][Command][haddock_push] /home/tommy/Dev/tommy/github/monad-effects/dist-newstyle/build/x86_64-linux/ghc-9.8.2/effects-fs-0.1/doc/html/effects-fs/
[2024-11-25 11:52:54][Command][haddock_push] Haddock coverage:
[2024-11-25 11:52:54][Command][haddock_push]   98% ( 94 / 95) in 'Effects.Concurrent.Async'
[2024-11-25 11:52:54][Command][haddock_push]   Missing documentation for:
[2024-11-25 11:52:54][Command][haddock_push]     ExceptionInLinkedThread
[2024-11-25 11:52:54][Command][haddock_push] Warning: Effects.Concurrent.Async: could not find link destinations for: 
[2024-11-25 11:52:54][Command][haddock_push] - Numeric.Data.Positive.Internal.Rep_Positive
[2024-11-25 11:52:54][Command][haddock_push] Documentation created:
[2024-11-25 11:52:54][Command][haddock_push] /home/tommy/Dev/tommy/github/monad-effects/dist-newstyle/build/x86_64-linux/ghc-9.8.2/effects-async-0.1/doc/html/effects-async/
[2024-11-25 11:52:56][Command][haddock_push] Haddock coverage:
[2024-11-25 11:52:56][Command][haddock_push]   95% ( 44 / 46) in 'Effects.LoggerNS'
[2024-11-25 11:52:56][Command][haddock_push]   Missing documentation for:
[2024-11-25 11:52:56][Command][haddock_push]     LogLevel
[2024-11-25 11:52:56][Command][haddock_push]     Loc
[2024-11-25 11:52:56][Command][haddock_push] Warning: Effects.LoggerNS: could not find link destinations for: 
[2024-11-25 11:52:56][Command][haddock_push] - Language.Haskell.TH.Syntax.Rep_Loc
[2024-11-25 11:52:56][Command][haddock_push] - Effects.LoggerNS.D:R:ItemNamespace
[2024-11-25 11:52:56][Command][haddock_push] - Effects.LoggerNS.Rep_LogFormatter
[2024-11-25 11:52:56][Command][haddock_push] - Effects.LoggerNS.Rep_LocStrategy
[2024-11-25 11:52:56][Command][haddock_push] - Effects.LoggerNS.Rep_Namespace
[2024-11-25 11:52:57][Command][haddock_push] Documentation created:
[2024-11-25 11:52:57][Command][haddock_push] /home/tommy/Dev/tommy/github/monad-effects/dist-newstyle/build/x86_64-linux/ghc-9.8.2/effects-logger-ns-0.1/doc/html/effects-logger-ns/
